2024-11-30 19:03:57,303 - INFO - Dataset: EMLC3
2024-11-30 19:03:57,362 - INFO - GCN test accuracy: 0.800000011920929
2024-11-30 19:03:57,843 - INFO - IDT test accuracy: 0.834
2024-11-30 19:03:58,332 - INFO - IDT F1 score: 0.7200466813726483
2024-11-30 19:03:58,879 - INFO - Fidelity: 0.766
2024-11-30 19:03:58,880 - INFO - Binary Count: tensor([ 831, 3669])
2024-11-30 19:03:58,883 - INFO - Weight: tensor([2.7076, 0.6132])
2024-11-30 19:06:30,854 - INFO - Dataset: EMLC4
2024-11-30 19:06:30,910 - INFO - GCN test accuracy: 0.8320000171661377
2024-11-30 19:06:31,407 - INFO - IDT test accuracy: 1.0
2024-11-30 19:06:31,903 - INFO - IDT F1 score: 1.0
2024-11-30 19:06:32,444 - INFO - Fidelity: 0.832
2024-11-30 19:06:32,445 - INFO - Binary Count: tensor([3822,  678])
2024-11-30 19:06:32,446 - INFO - Weight: tensor([0.5887, 3.3186])
2024-11-30 19:07:28,385 - INFO - Dataset: EMLC5
2024-11-30 19:07:28,447 - INFO - GCN test accuracy: 0.6299999952316284
2024-11-30 19:07:28,945 - INFO - IDT test accuracy: 1.0
2024-11-30 19:07:29,418 - INFO - IDT F1 score: 1.0
2024-11-30 19:07:29,950 - INFO - Fidelity: 0.63
2024-11-30 19:07:29,950 - INFO - Binary Count: tensor([ 571, 3929])
2024-11-30 19:07:29,950 - INFO - Weight: tensor([3.9405, 0.5727])
2024-11-30 19:09:36,388 - INFO - Dataset: EMLC6
2024-11-30 19:09:36,444 - INFO - GCN test accuracy: 0.7239999771118164
2024-11-30 19:09:36,942 - INFO - IDT test accuracy: 1.0
2024-11-30 19:09:37,421 - INFO - IDT F1 score: 1.0
2024-11-30 19:09:37,948 - INFO - Fidelity: 0.724
2024-11-30 19:09:37,948 - INFO - Binary Count: tensor([3549,  951])
2024-11-30 19:09:37,948 - INFO - Weight: tensor([0.6340, 2.3659])
